Vojta vrtacka B 1
Nora nuzky A 1
Filip freza C 1
Nora nuzky A 1
Vojta vrtacka A 2
Nora nuzky B 2
Nora nuzky A 1
Omar ohybacka A 3
Vojta vrtacka B 1
Vicky vrtacka A 2
Filip freza B 3
Steve svarecka A 4
Vojta vrtacka A 2
Otakar ohybacka A 3
Vicky vrtacka C 2
Nora nuzky B 2
Sofie svarecka A 4
Otakar ohybacka A 3
Stepan sroubovak C 3
Vojta vrtacka A 5
Steve svarecka A 4
Filip freza B 3
Vicky vrtacka B 4
Vojta vrtacka A 5
Lars lakovna A 6
Vicky vrtacka C 4
Lucie lakovna B 5
Vojta vrtacka A 5
done A
Lars lakovna A 6
Vojta vrtacka B 4
Filip freza C 5
Stepan sroubovak B 6
Lucie lakovna A 6
done B
done A
Lars lakovna B 5
Filip freza C 1
done A
Lucie lakovna C 6
Sven sroubovak B 6
done C
Vicky vrtacka C 2
done B
Sven sroubovak C 3
Vicky vrtacka C 4
Fred freza C 5
Lars lakovna C 6
done C
