nuzky was added
vrtacka was added
ohybacka was added
svarecka was added
lakovna was added
sroubovak was added
freza was added
Nora was created 
Nora started
Nora is finding workplace
Nora Finded workplace
Nora is waiting for job
Vojta was created 
Vojta started
Vojta is finding workplace
Vojta Finded workplace
Vojta is waiting for job
Otakar was created 
Otakar started
Otakar is finding workplace
Otakar Finded workplace
Otakar is waiting for job
Sofie was created 
Sofie started
Sofie is finding workplace
Sofie Finded workplace
Sofie is waiting for job
Lucie was created 
Lucie started
Lucie is finding workplace
Lucie Finded workplace
Lucie is waiting for job
Stepan started
Stepan is finding workplace
Stepan was created 
Stepan Finded workplace
Stepan is waiting for job
Filip was created 
Filip started
Filip is finding workplace
Filip Finded workplace
Filip is waiting for job
A was added
Waked worker
B was added
Waked worker
C was added
Waked worker
Nora is finding workplace
Vojta is finding workplace
Vojta Finded workplace
Vojta finded job
Filip is finding workplace
Vojta started  vrtacka 
Nora Finded workplace
Nora finded job
Nora started  nuzky 
Filip Finded workplace
Filip finded job
Filip started  freza 
sleeps 100000
sleeps 500000
sleeps 200000
Nicky was created 
Nicky started
Nicky is finding workplace
Nicky waits for workspaces
Vicky was created 
Vicky started
Vicky is finding workplace
Vicky waits for workspaces
Omar was created 
Omar started
Omar is finding workplace
Omar Finded workplace
Omar is waiting for job
Steve was created 
Steve started
Steve is finding workplace
Steve Finded workplace
Steve is waiting for job
Lars was created 
Lars started
Lars is finding workplace
Lars Finded workplace
Lars is waiting for job
Sven was created 
Sven started
Sven is finding workplace
Sven Finded workplace
Sven is waiting for job
Fred was created 
Fred started
Fred is finding workplace
Fred waits for workspaces
A was added
Waked worker
Nicky is finding workplace
Nicky waits for workspaces
B was added
Waked worker
C was added
Waked worker
nuzky was added
vrtacka was added
Vicky is finding workplace
Vicky waits for workspaces
Fred is finding workplace
ohybacka was added
svarecka was added
Fred waits for workspaces
lakovna was added
sroubovak was added
freza was added
A was added
Waked worker
Nicky is finding workplace
Nicky waits for workspaces
Main thread wakes others
Next place is vrtacka 
Waked worker
Nora is finding workplace
Nora Finded workplace
Nora finded job
Nora started  nuzky 
Vicky is finding workplace
Vicky waits for workspaces
sleeps 100000
Next place is nuzky 
Waked worker
Vojta is finding workplace
Vojta Finded workplace
Vojta finded job
Vojta started  vrtacka 
sleeps 200000
Nicky is finding workplace
Nicky Finded workplace
Nicky finded job
Nicky started  nuzky 
sleeps 100000
Next place is vrtacka 
Waked worker
Nora is finding workplace
Nora waits for workspaces
Nora is finding workplace
Nora waits for workspaces
Nora is finding workplace
Nora waits for workspaces
Nora is finding workplace
Vicky is finding workplace
Vicky Finded workplace
Vicky finded job
Nora waits for workspaces
Vicky started  vrtacka 
sleeps 200000
Next place is freza 
Waked worker
Nicky is finding workplace
Nicky Finded workplace
Nicky finded job
Nicky started  nuzky 
sleeps 100000
Fred is finding workplace
Fred waits for workspaces
Next place is ohybacka 
Waked worker
Vojta is finding workplace
Vojta waits for workspaces
Vojta is finding workplace
Vojta waits for workspaces
Omar is finding workplace
Omar Finded workplace
Omar finded job
Omar started  ohybacka 
sleeps 150000
Vojta is finding workplace
Vojta waits for workspaces
Vojta is finding workplace
Next place is vrtacka 
Waked worker
Nicky is finding workplace
Nicky Finded workplace
Nicky is waiting for job
Vojta waits for workspaces
Otakar is finding workplace
Otakar Finded workplace
Otakar finded job
Otakar started  ohybacka 
sleeps 200000
Next place is ohybacka 
Waked worker
Vicky is finding workplace
Vicky Finded workplace
Vojta is finding workplace
Vicky finded job
Vicky started  vrtacka 
sleeps 200000
Vojta Finded workplace
Next place is vrtacka 
Waked worker
Filip is finding workplace
Filip Finded workplace
Filip finded job
Filip started  freza 
sleeps 500000
Next place is svarecka 
Waked worker
Omar is finding workplace
Omar waits for workspaces
Omar is finding workplace
Omar waits for workspaces
Sofie is finding workplace
Sofie Finded workplace
Steve is finding workplace
Steve Finded workplace
Sofie finded job
Sofie started  svarecka 
sleeps 300000
Next place is svarecka 
Waked worker
Otakar is finding workplace
Otakar Finded workplace
Otakar is waiting for job
Otakar is finding workplace
Otakar Finded workplace
Otakar is waiting for job
Next place is ohybacka 
Waked worker
Omar is finding workplace
Vojta finded job
Vojta started  vrtacka 
Vicky is finding workplace
Vicky Finded workplace
Vicky finded job
Vicky started  vrtacka 
sleeps 200000
sleeps 200000
Omar Finded workplace
Omar finded job
Omar started  ohybacka 
Otakar is finding workplace
Otakar Finded workplace
sleeps 150000
Otakar is waiting for job
Next place is svarecka 
Waked worker
Omar is finding workplace
Omar Finded workplace
Omar is waiting for job
Next place is nuzky 
Waked worker
Nicky is finding workplace
Nora is finding workplace
Nora Finded workplace
Nora finded job
Nora started  nuzky 
sleeps 100000
Next place is sroubovak 
Nicky Finded workplace
Vicky is finding workplace
Stepan is finding workplace
Stepan Finded workplace
Stepan finded job
Stepan started  sroubovak 
sleeps 250000
Waked worker
Vicky Finded workplace
Vicky is waiting for job
Vicky is finding workplace
Vicky Finded workplace
Vicky is waiting for job
Vicky is finding workplace
Sven is finding workplace
Sven Finded workplace
Sven is waiting for job
Vojta is finding workplace
Vojta Finded workplace
Vojta is waiting for job
Vojta is finding workplace
Vojta Finded workplace
Vojta is waiting for job
Vicky Finded workplace
Vicky is waiting for job
Next place is vrtacka 
Waked worker
Sofie is finding workplace
Sofie Finded workplace
Steve finded job
Steve started  svarecka 
Vojta is finding workplace
Vojta Finded workplace
Vojta finded job
Vojta started  vrtacka 
sleeps 200000
sleeps 300000
Vicky is finding workplace
Vicky Finded workplace
Vicky is waiting for job
Next place is freza 
Waked worker
Fred is finding workplace
Nicky is waiting for job
Fred Finded workplace
Nora is finding workplace
Nora Finded workplace
Nora is waiting for job
Fred finded job
Fred started  freza 
sleeps 500000
Next place is vrtacka 
Waked worker
Filip is finding workplace
Filip waits for workspaces
Filip is finding workplace
Filip waits for workspaces
Filip is finding workplace
Filip waits for workspaces
Filip is finding workplace
Vicky is finding workplace
Vicky Finded workplace
Vicky finded job
Vicky started  vrtacka 
sleeps 200000
Filip waits for workspaces
Next place is lakovna 
Waked worker
Vojta is finding workplace
Vojta waits for workspaces
Vojta is finding workplace
Vojta waits for workspaces
Lucie is finding workplace
Lucie Finded workplace
Lucie finded job
Lars is finding workplace
Lars Finded workplace
Lucie started  lakovna 
sleeps 400000
Next place is vrtacka 
Waked worker
Stepan is finding workplace
Stepan Finded workplace
Stepan is waiting for job
Vojta is finding workplace
Vojta waits for workspaces
Next place is vrtacka 
Waked worker
Steve is finding workplace
Steve Finded workplace
Vojta is finding workplace
Vojta waits for workspaces
Sofie finded job
Sofie started  svarecka 
sleeps 300000
Next place is lakovna 
Waked worker
Vicky is finding workplace
Vicky Finded workplace
Vicky finded job
Vicky started  vrtacka 
sleeps 200000
Next place is lakovna 
Waked worker
Vicky is finding workplace
Vicky Finded workplace
Vicky finded job
Vicky started  vrtacka 
sleeps 200000
Next place is vrtacka 
Waked worker
Fred is finding workplace
Fred Finded workplace
Fred finded job
Vojta is finding workplace
Vojta Finded workplace
Vojta finded job
Vojta started  vrtacka 
Fred started  freza 
sleeps 500000
sleeps 200000
Next place is vrtacka 
Waked worker
Lucie is finding workplace
Lucie Finded workplace
Sofie is finding workplace
Sofie Finded workplace
Lars finded job
Lars started  lakovna 
sleeps 400000
Steve is waiting for job
Steve is finding workplace
Sofie is waiting for job
Sofie is finding workplace
Sofie Finded workplace
Sofie is waiting for job
Sofie is finding workplace
Sofie Finded workplace
Sofie is waiting for job
Steve Finded workplace
Steve is waiting for job
Steve is finding workplace
Steve Finded workplace
Steve is waiting for job
Next place is freza 
Waked worker
Vicky is finding workplace
Vicky waits for workspaces
Vicky is finding workplace
Vicky waits for workspaces
Vicky is finding workplace
Vicky waits for workspaces
Vicky is finding workplace
Filip is finding workplace
Filip Finded workplace
Filip finded job
Filip started  freza 
sleeps 500000
Vicky waits for workspaces
Vicky is finding workplace
Vicky waits for workspaces
Next place is lakovna 
Waked worker
Vojta is finding workplace
Vojta Finded workplace
Vojta finded job
Vojta started  vrtacka 
sleeps 200000
Next place is lakovna 
Waked worker
Vojta is finding workplace
Vojta Finded workplace
Vojta is waiting for job
Vojta is finding workplace
Vojta Finded workplace
Vojta is waiting for job
Lars is finding workplace
Lars Finded workplace
Lucie finded job
Lucie started  lakovna 
sleeps 400000
Next place is vrtacka 
Waked worker
Fred is finding workplace
Fred waits for workspaces
Fred is finding workplace
Fred waits for workspaces
Vojta is finding workplace
Vojta Finded workplace
Vojta finded job
Vojta started  vrtacka 
Vicky is finding workplace
Vicky Finded workplace
Vicky is waiting for job
sleeps 200000
